<?xml version="1.0" encoding="UTF-8"?>
<!-- Generated by org.testng.reporters.JUnitReportReporter -->
<testsuite hostname="pnarend-ltmaz47.internal.salesforce.com" failures="0" tests="1" name="mobileAutomation.Appium.AppiumiOSTest" time="24.826" errors="0" timestamp="2025-04-08T23:35:57 EDT" skipped="0">
  <testcase classname="mobileAutomation.Appium.AppiumiOSTest" name="AppiumTest" time="24.826"/>
</testsuite> <!-- mobileAutomation.Appium.AppiumiOSTest -->
