<?xml version="1.0" encoding="UTF-8"?>
<!-- Generated by org.testng.reporters.JUnitReportReporter -->
<testsuite hostname="pnarend-ltmaz47.internal.salesforce.com" failures="0" tests="1" name="mobileAutomation.Appium.AppiumBasics" time="71.380" errors="0" timestamp="2025-04-08T19:45:08 EDT" skipped="0">
  <testcase classname="mobileAutomation.Appium.AppiumBasics" name="AppiumTest" time="71.380"/>
</testsuite> <!-- mobileAutomation.Appium.AppiumBasics -->
