<?xml version="1.0" encoding="UTF-8"?>
<!-- Generated by org.testng.reporters.JUnitReportReporter -->
<testsuite hostname="pnarend-ltmaz47.internal.salesforce.com" failures="0" tests="1" name="mobileAutomation.Appium.AppiumAndroidTest" time="71.734" errors="0" timestamp="2025-04-08T23:43:29 EDT" skipped="0">
  <testcase classname="mobileAutomation.Appium.AppiumAndroidTest" name="AppiumTest" time="71.734"/>
</testsuite> <!-- mobileAutomation.Appium.AppiumAndroidTest -->
